NCCL communicators initialized for 2 GPUs.
============================================================

=== Running Naive Convolution (Baseline on a single GPU) ===
Layer  0: 1.485 ms (1801.65 GFLOPS)
Layer  1: 14.449 ms (1975.70 GFLOPS)
Layer  2: 28.763 ms (1985.03 GFLOPS)
Layer  3: 57.461 ms (1987.25 GFLOPS)
Layer  4: 116.117 ms (1966.81 GFLOPS)
Layer  5: 43.799 ms (1985.74 GFLOPS)
Layer  6: 87.781 ms (1981.59 GFLOPS)
Layer  7: 175.427 ms (1983.11 GFLOPS)
Layer  8: 351.223 ms (1981.04 GFLOPS)
Layer  9: 131.146 ms (1805.32 GFLOPS)
Layer 10: 1.186 ms (1790.39 GFLOPS)
Layer 11: 22.936 ms (1975.86 GFLOPS)
Layer 12: 11.029 ms (1971.43 GFLOPS)
Layer 13: 21.992 ms (1977.34 GFLOPS)
Layer 14: 6.588 ms (1856.47 GFLOPS)
Layer 15: 2.442 ms (1738.87 GFLOPS)
Layer 16: 6.465 ms (1751.81 GFLOPS)
Layer 17: 6.776 ms (1604.48 GFLOPS)
Baseline Total: 1087.066 ms (1953.51 GFLOPS)

=== Running Winograd Convolution (2 GPUs with NCCL) ===
Layer  0: 0.816 ms (3279.10 GFLOPS)
INFO: Using heuristic config for layer_1 (C=32, H=112, K=64, N_total=64)
INFO: Using heuristic config for layer_1 (C=32, H=112, K=64, N_total=64)
INFO: Using heuristic config for layer_1 (C=32, H=112, K=64, N_total=64)
INFO: Using heuristic config for layer_1 (C=32, H=112, K=64, N_total=64)
INFO: Using heuristic config for layer_1 (C=32, H=112, K=64, N_total=64)
INFO: Using heuristic config for layer_1 (C=32, H=112, K=64, N_total=64)
INFO: Using heuristic config for layer_1 (C=32, H=112, K=64, N_total=64)
INFO: Using heuristic config for layer_1 (C=32, H=112, K=64, N_total=64)
Layer  1: 3.877 ms (7363.88 GFLOPS)
INFO: Using heuristic config for layer_2 (C=64, H=112, K=64, N_total=64)
INFO: Using heuristic config for layer_2 (C=64, H=112, K=64, N_total=64)
INFO: Using heuristic config for layer_2 (C=64, H=112, K=64, N_total=64)
INFO: Using heuristic config for layer_2 (C=64, H=112, K=64, N_total=64)
INFO: Using heuristic config for layer_2 (C=64, H=112, K=64, N_total=64)
INFO: Using heuristic config for layer_2 (C=64, H=112, K=64, N_total=64)
INFO: Using heuristic config for layer_2 (C=64, H=112, K=64, N_total=64)
INFO: Using heuristic config for layer_2 (C=64, H=112, K=64, N_total=64)
Layer  2: 4.771 ms (11966.14 GFLOPS)
INFO: Using heuristic config for layer_3 (C=64, H=112, K=128, N_total=64)
INFO: Using heuristic config for layer_3 (C=64, H=112, K=128, N_total=64)
INFO: Using heuristic config for layer_3 (C=64, H=112, K=128, N_total=64)
INFO: Using heuristic config for layer_3 (C=64, H=112, K=128, N_total=64)
INFO: Using heuristic config for layer_3 (C=64, H=112, K=128, N_total=64)
INFO: Using heuristic config for layer_3 (C=64, H=112, K=128, N_total=64)
INFO: Using heuristic config for layer_3 (C=64, H=112, K=128, N_total=64)
INFO: Using heuristic config for layer_3 (C=64, H=112, K=128, N_total=64)
Layer  3: 7.001 ms (16311.01 GFLOPS)
INFO: Using heuristic config for layer_4 (C=128, H=112, K=128, N_total=64)
INFO: Using heuristic config for layer_4 (C=128, H=112, K=128, N_total=64)
INFO: Using heuristic config for layer_4 (C=128, H=112, K=128, N_total=64)
INFO: Using heuristic config for layer_4 (C=128, H=112, K=128, N_total=64)
INFO: Using heuristic config for layer_4 (C=128, H=112, K=128, N_total=64)
INFO: Using heuristic config for layer_4 (C=128, H=112, K=128, N_total=64)
INFO: Using heuristic config for layer_4 (C=128, H=112, K=128, N_total=64)
INFO: Using heuristic config for layer_4 (C=128, H=112, K=128, N_total=64)
Layer  4: 9.353 ms (24418.26 GFLOPS)
INFO: Using heuristic config for layer_5 (C=128, H=50, K=256, N_total=64)
INFO: Using heuristic config for layer_5 (C=128, H=50, K=256, N_total=64)
INFO: Using heuristic config for layer_5 (C=128, H=50, K=256, N_total=64)
INFO: Using heuristic config for layer_5 (C=128, H=50, K=256, N_total=64)
INFO: Using heuristic config for layer_5 (C=128, H=50, K=256, N_total=64)
INFO: Using heuristic config for layer_5 (C=128, H=50, K=256, N_total=64)
INFO: Using heuristic config for layer_5 (C=128, H=50, K=256, N_total=64)
INFO: Using heuristic config for layer_5 (C=128, H=50, K=256, N_total=64)
Layer  5: 3.053 ms (28491.73 GFLOPS)
INFO: Using heuristic config for layer_6 (C=256, H=50, K=256, N_total=64)
INFO: Using heuristic config for layer_6 (C=256, H=50, K=256, N_total=64)
INFO: Using heuristic config for layer_6 (C=256, H=50, K=256, N_total=64)
INFO: Using heuristic config for layer_6 (C=256, H=50, K=256, N_total=64)
INFO: Using heuristic config for layer_6 (C=256, H=50, K=256, N_total=64)
INFO: Using heuristic config for layer_6 (C=256, H=50, K=256, N_total=64)
INFO: Using heuristic config for layer_6 (C=256, H=50, K=256, N_total=64)
INFO: Using heuristic config for layer_6 (C=256, H=50, K=256, N_total=64)
Layer  6: 4.657 ms (37350.94 GFLOPS)
INFO: Using heuristic config for layer_7 (C=256, H=50, K=512, N_total=64)
INFO: Using heuristic config for layer_7 (C=256, H=50, K=512, N_total=64)
INFO: Using heuristic config for layer_7 (C=256, H=50, K=512, N_total=64)
INFO: Using heuristic config for layer_7 (C=256, H=50, K=512, N_total=64)
INFO: Using heuristic config for layer_7 (C=256, H=50, K=512, N_total=64)
INFO: Using heuristic config for layer_7 (C=256, H=50, K=512, N_total=64)
INFO: Using heuristic config for layer_7 (C=256, H=50, K=512, N_total=64)
INFO: Using heuristic config for layer_7 (C=256, H=50, K=512, N_total=64)
Layer  7: 8.572 ms (40583.66 GFLOPS)
INFO: Using heuristic config for layer_8 (C=512, H=50, K=512, N_total=64)
INFO: Using heuristic config for layer_8 (C=512, H=50, K=512, N_total=64)
INFO: Using heuristic config for layer_8 (C=512, H=50, K=512, N_total=64)
INFO: Using heuristic config for layer_8 (C=512, H=50, K=512, N_total=64)
INFO: Using heuristic config for layer_8 (C=512, H=50, K=512, N_total=64)
INFO: Using heuristic config for layer_8 (C=512, H=50, K=512, N_total=64)
INFO: Using heuristic config for layer_8 (C=512, H=50, K=512, N_total=64)
INFO: Using heuristic config for layer_8 (C=512, H=50, K=512, N_total=64)
Layer  8: 13.054 ms (53301.65 GFLOPS)
INFO: Using heuristic config for layer_9 (C=512, H=16, K=2048, N_total=64)
INFO: Using heuristic config for layer_9 (C=512, H=16, K=2048, N_total=64)
INFO: Using heuristic config for layer_9 (C=512, H=16, K=2048, N_total=64)
INFO: Using heuristic config for layer_9 (C=512, H=16, K=2048, N_total=64)
INFO: Using heuristic config for layer_9 (C=512, H=16, K=2048, N_total=64)
INFO: Using heuristic config for layer_9 (C=512, H=16, K=2048, N_total=64)
INFO: Using heuristic config for layer_9 (C=512, H=16, K=2048, N_total=64)
INFO: Using heuristic config for layer_9 (C=512, H=16, K=2048, N_total=64)
Layer  9: 5.239 ms (45188.00 GFLOPS)
Layer 10: 0.658 ms (3230.78 GFLOPS)
INFO: Using heuristic config for layer_11 (C=32, H=100, K=64, N_total=128)
INFO: Using heuristic config for layer_11 (C=32, H=100, K=64, N_total=128)
INFO: Using heuristic config for layer_11 (C=32, H=100, K=64, N_total=128)
INFO: Using heuristic config for layer_11 (C=32, H=100, K=64, N_total=128)
INFO: Using heuristic config for layer_11 (C=32, H=100, K=64, N_total=128)
INFO: Using heuristic config for layer_11 (C=32, H=100, K=64, N_total=128)
INFO: Using heuristic config for layer_11 (C=32, H=100, K=64, N_total=128)
INFO: Using heuristic config for layer_11 (C=32, H=100, K=64, N_total=128)
Layer 11: 7.766 ms (5835.56 GFLOPS)
INFO: Using heuristic config for layer_12 (C=64, H=50, K=64, N_total=128)
INFO: Using heuristic config for layer_12 (C=64, H=50, K=64, N_total=128)
INFO: Using heuristic config for layer_12 (C=64, H=50, K=64, N_total=128)
INFO: Using heuristic config for layer_12 (C=64, H=50, K=64, N_total=128)
INFO: Using heuristic config for layer_12 (C=64, H=50, K=64, N_total=128)
INFO: Using heuristic config for layer_12 (C=64, H=50, K=64, N_total=128)
INFO: Using heuristic config for layer_12 (C=64, H=50, K=64, N_total=128)
INFO: Using heuristic config for layer_12 (C=64, H=50, K=64, N_total=128)
Layer 12: 1.895 ms (11474.12 GFLOPS)
INFO: Using heuristic config for layer_13 (C=64, H=50, K=128, N_total=128)
INFO: Using heuristic config for layer_13 (C=64, H=50, K=128, N_total=128)
INFO: Using heuristic config for layer_13 (C=64, H=50, K=128, N_total=128)
INFO: Using heuristic config for layer_13 (C=64, H=50, K=128, N_total=128)
INFO: Using heuristic config for layer_13 (C=64, H=50, K=128, N_total=128)
INFO: Using heuristic config for layer_13 (C=64, H=50, K=128, N_total=128)
INFO: Using heuristic config for layer_13 (C=64, H=50, K=128, N_total=128)
INFO: Using heuristic config for layer_13 (C=64, H=50, K=128, N_total=128)
Layer 13: 2.927 ms (14858.93 GFLOPS)
INFO: Using heuristic config for layer_14 (C=128, H=20, K=96, N_total=128)
INFO: Using heuristic config for layer_14 (C=128, H=20, K=96, N_total=128)
INFO: Using heuristic config for layer_14 (C=128, H=20, K=96, N_total=128)
INFO: Using heuristic config for layer_14 (C=128, H=20, K=96, N_total=128)
INFO: Using heuristic config for layer_14 (C=128, H=20, K=96, N_total=128)
INFO: Using heuristic config for layer_14 (C=128, H=20, K=96, N_total=128)
INFO: Using heuristic config for layer_14 (C=128, H=20, K=96, N_total=128)
INFO: Using heuristic config for layer_14 (C=128, H=20, K=96, N_total=128)
Layer 14: 0.815 ms (15013.60 GFLOPS)
INFO: Using heuristic config for layer_15 (C=96, H=12, K=192, N_total=128)
INFO: Using heuristic config for layer_15 (C=96, H=12, K=192, N_total=128)
INFO: Using heuristic config for layer_15 (C=96, H=12, K=192, N_total=128)
INFO: Using heuristic config for layer_15 (C=96, H=12, K=192, N_total=128)
INFO: Using heuristic config for layer_15 (C=96, H=12, K=192, N_total=128)
INFO: Using heuristic config for layer_15 (C=96, H=12, K=192, N_total=128)
INFO: Using heuristic config for layer_15 (C=96, H=12, K=192, N_total=128)
INFO: Using heuristic config for layer_15 (C=96, H=12, K=192, N_total=128)
Layer 15: 0.518 ms (8203.31 GFLOPS)
INFO: Using heuristic config for layer_16 (C=192, H=12, K=256, N_total=128)
INFO: Using heuristic config for layer_16 (C=192, H=12, K=256, N_total=128)
INFO: Using heuristic config for layer_16 (C=192, H=12, K=256, N_total=128)
INFO: Using heuristic config for layer_16 (C=192, H=12, K=256, N_total=128)
INFO: Using heuristic config for layer_16 (C=192, H=12, K=256, N_total=128)
INFO: Using heuristic config for layer_16 (C=192, H=12, K=256, N_total=128)
INFO: Using heuristic config for layer_16 (C=192, H=12, K=256, N_total=128)
INFO: Using heuristic config for layer_16 (C=192, H=12, K=256, N_total=128)
Layer 16: 0.799 ms (14180.86 GFLOPS)
INFO: Using heuristic config for layer_17 (C=256, H=8, K=512, N_total=128)
INFO: Using heuristic config for layer_17 (C=256, H=8, K=512, N_total=128)
INFO: Using heuristic config for layer_17 (C=256, H=8, K=512, N_total=128)
INFO: Using heuristic config for layer_17 (C=256, H=8, K=512, N_total=128)
INFO: Using heuristic config for layer_17 (C=256, H=8, K=512, N_total=128)
INFO: Using heuristic config for layer_17 (C=256, H=8, K=512, N_total=128)
INFO: Using heuristic config for layer_17 (C=256, H=8, K=512, N_total=128)
INFO: Using heuristic config for layer_17 (C=256, H=8, K=512, N_total=128)
Layer 17: 0.575 ms (18892.52 GFLOPS)
Winograd Total (2 GPUs): 76.344 ms (27816.04 GFLOPS)

=== Correctness Check ===
Layer  0: [32mCORRECT[0m (Speedup: 1.82x)
Layer  1: [32mCORRECT[0m (Speedup: 3.73x)
Layer  2: [32mCORRECT[0m (Speedup: 6.03x)
Layer  3: [32mCORRECT[0m (Speedup: 8.21x)
Layer  4: [32mCORRECT[0m (Speedup: 12.42x)
Layer  5: [32mCORRECT[0m (Speedup: 14.35x)
Layer  6: [32mCORRECT[0m (Speedup: 18.85x)
Layer  7: [32mCORRECT[0m (Speedup: 20.46x)
Layer  8: [32mCORRECT[0m (Speedup: 26.91x)
Layer  9: [32mCORRECT[0m (Speedup: 25.03x)
Layer 10: [32mCORRECT[0m (Speedup: 1.80x)
Layer 11: [32mCORRECT[0m (Speedup: 2.95x)
Layer 12: [32mCORRECT[0m (Speedup: 5.82x)
Layer 13: [32mCORRECT[0m (Speedup: 7.51x)
Layer 14: [32mCORRECT[0m (Speedup: 8.09x)
Layer 15: [32mCORRECT[0m (Speedup: 4.72x)
Layer 16: [32mCORRECT[0m (Speedup: 8.09x)
Layer 17: [32mCORRECT[0m (Speedup: 11.77x)

=== Final Results ===
[32mAll layers passed correctness check![0m
Baseline Total (1 GPU): 1087.066 ms (1953.51 GFLOPS)
Winograd Total (2 GPUs): 76.344 ms (27816.04 GFLOPS)
Overall Speedup: 14.24x
